<?xml version="1.0" encoding="UTF-8"?>
<!-- Generated by org.testng.reporters.JUnitXMLReporter -->
<testsuite hostname="DESKTOP-HRAE54G" ignored="1" name="Command line test" tests="8" failures="0" timestamp="03 Jun 2022 00:28:05 GMT" time="80.898" errors="0">
  <testcase name="testApplicationFormHeading" time="1.063" classname="scripts._02_TechGlobalTest"/>
  <testcase name="testAppleTitle" time="0.837" classname="scripts._01_AppleTest"/>
  <testcase name="testEtsyLogo" time="5.014" classname="scripts._03_EtsyTest"/>
  <testcase name="testGoogleSearch" time="3.279" classname="scripts._04_GoogleSearchTest"/>
  <testcase name="testCheckBoxInHeroApp" time="9.236" classname="scripts._05_CheckBoxTest"/>
  <testcase name="testFacebookGenderRadioButtons" time="9.654" classname="scripts._06_RadioButtonTest"/>
  <testcase name="testUnsecurePasswordErrorMessage" time="5.66" classname="scripts._07_DropdownTest"/>
  <testcase name="testAppleURL" time="0.923" classname="scripts._01_AppleTest"/>
  <testcase name="X" time="0.0" classname="scripts._01_AppleTest">
    <ignored/>
  </testcase> <!-- X -->
</testsuite> <!-- Command line test -->
