<?xml version="1.0" encoding="UTF-8"?>
<testng-results skipped="0" failed="0" ignored="1" total="9" passed="8">
  <reporter-output>
  </reporter-output>
  <suite name="Command line suite" duration-ms="80898" started-at="2022-06-03T00:26:45Z" finished-at="2022-06-03T00:28:05Z">
    <groups>
    </groups>
    <test name="Command line test" duration-ms="80898" started-at="2022-06-03T00:26:45Z" finished-at="2022-06-03T00:28:05Z">
      <class name="scripts._03_EtsyTest">
        <test-method status="PASS" signature="setup()[pri:0, instance:scripts._03_EtsyTest@4157f54e]" name="setup" is-config="true" duration-ms="1380" started-at="2022-06-03T00:26:59Z" finished-at="2022-06-03T00:27:01Z">
          <reporter-output>
          </reporter-output>
        </test-method> <!-- setup -->
        <test-method status="PASS" signature="testEtsyLogo()[pri:1, instance:scripts._03_EtsyTest@4157f54e]" name="testEtsyLogo" duration-ms="5014" started-at="2022-06-03T00:27:01Z" finished-at="2022-06-03T00:27:06Z">
          <reporter-output>
          </reporter-output>
        </test-method> <!-- testEtsyLogo -->
        <test-method status="PASS" signature="teardown()[pri:0, instance:scripts._03_EtsyTest@4157f54e]" name="teardown" is-config="true" duration-ms="3974" started-at="2022-06-03T00:27:06Z" finished-at="2022-06-03T00:27:10Z">
          <reporter-output>
          </reporter-output>
        </test-method> <!-- teardown -->
      </class> <!-- scripts._03_EtsyTest -->
      <class name="scripts._07_DropdownTest">
        <test-method status="PASS" signature="setup()[pri:0, instance:scripts._07_DropdownTest@6b143ee9]" name="setup" is-config="true" duration-ms="1355" started-at="2022-06-03T00:27:48Z" finished-at="2022-06-03T00:27:49Z">
          <reporter-output>
          </reporter-output>
        </test-method> <!-- setup -->
        <test-method status="PASS" signature="testUnsecurePasswordErrorMessage()[pri:1, instance:scripts._07_DropdownTest@6b143ee9]" name="testUnsecurePasswordErrorMessage" duration-ms="5660" started-at="2022-06-03T00:27:49Z" description="TC763: Validate FaceBook sign in error message for password" finished-at="2022-06-03T00:27:55Z">
          <reporter-output>
          </reporter-output>
        </test-method> <!-- testUnsecurePasswordErrorMessage -->
        <test-method status="PASS" signature="teardown()[pri:0, instance:scripts._07_DropdownTest@6b143ee9]" name="teardown" is-config="true" duration-ms="3852" started-at="2022-06-03T00:27:55Z" finished-at="2022-06-03T00:27:59Z">
          <reporter-output>
          </reporter-output>
        </test-method> <!-- teardown -->
      </class> <!-- scripts._07_DropdownTest -->
      <class name="scripts._02_TechGlobalTest">
        <test-method status="PASS" signature="setup()[pri:0, instance:scripts._02_TechGlobalTest@327471b5]" name="setup" is-config="true" duration-ms="3185" started-at="2022-06-03T00:26:45Z" finished-at="2022-06-03T00:26:48Z">
          <reporter-output>
          </reporter-output>
        </test-method> <!-- setup -->
        <test-method status="PASS" signature="testApplicationFormHeading()[pri:0, instance:scripts._02_TechGlobalTest@327471b5]" name="testApplicationFormHeading" duration-ms="1063" started-at="2022-06-03T00:26:48Z" description="TC123: Validate Application form heading" finished-at="2022-06-03T00:26:49Z">
          <reporter-output>
          </reporter-output>
        </test-method> <!-- testApplicationFormHeading -->
        <test-method status="PASS" signature="teardown()[pri:0, instance:scripts._02_TechGlobalTest@327471b5]" name="teardown" is-config="true" duration-ms="3829" started-at="2022-06-03T00:26:49Z" finished-at="2022-06-03T00:26:53Z">
          <reporter-output>
          </reporter-output>
        </test-method> <!-- teardown -->
      </class> <!-- scripts._02_TechGlobalTest -->
      <class name="scripts._06_RadioButtonTest">
        <test-method status="PASS" signature="setup()[pri:0, instance:scripts._06_RadioButtonTest@15975490]" name="setup" is-config="true" duration-ms="1350" started-at="2022-06-03T00:27:33Z" finished-at="2022-06-03T00:27:35Z">
          <reporter-output>
          </reporter-output>
        </test-method> <!-- setup -->
        <test-method status="PASS" signature="testFacebookGenderRadioButtons()[pri:1, instance:scripts._06_RadioButtonTest@15975490]" name="testFacebookGenderRadioButtons" duration-ms="9654" started-at="2022-06-03T00:27:35Z" description="TC234: Validate Facebook gender radio buttons" finished-at="2022-06-03T00:27:44Z">
          <reporter-output>
          </reporter-output>
        </test-method> <!-- testFacebookGenderRadioButtons -->
        <test-method status="PASS" signature="teardown()[pri:0, instance:scripts._06_RadioButtonTest@15975490]" name="teardown" is-config="true" duration-ms="3849" started-at="2022-06-03T00:27:44Z" finished-at="2022-06-03T00:27:48Z">
          <reporter-output>
          </reporter-output>
        </test-method> <!-- teardown -->
      </class> <!-- scripts._06_RadioButtonTest -->
      <class name="scripts._01_AppleTest">
        <test-method status="PASS" signature="setup()[pri:0, instance:scripts._01_AppleTest@3567135c]" name="setup" is-config="true" duration-ms="1398" started-at="2022-06-03T00:26:53Z" finished-at="2022-06-03T00:26:54Z">
          <reporter-output>
          </reporter-output>
        </test-method> <!-- setup -->
        <test-method status="PASS" signature="testAppleTitle()[pri:1, instance:scripts._01_AppleTest@3567135c]" name="testAppleTitle" duration-ms="837" started-at="2022-06-03T00:26:54Z" description="TC345" finished-at="2022-06-03T00:26:55Z">
          <reporter-output>
          </reporter-output>
        </test-method> <!-- testAppleTitle -->
        <test-method status="PASS" signature="teardown()[pri:0, instance:scripts._01_AppleTest@3567135c]" name="teardown" is-config="true" duration-ms="4606" started-at="2022-06-03T00:26:55Z" finished-at="2022-06-03T00:26:59Z">
          <reporter-output>
          </reporter-output>
        </test-method> <!-- teardown -->
        <test-method status="PASS" signature="setup()[pri:0, instance:scripts._01_AppleTest@3567135c]" name="setup" is-config="true" duration-ms="1344" started-at="2022-06-03T00:27:59Z" finished-at="2022-06-03T00:28:00Z">
          <reporter-output>
          </reporter-output>
        </test-method> <!-- setup -->
        <test-method status="PASS" signature="testAppleURL()[pri:2, instance:scripts._01_AppleTest@3567135c]" name="testAppleURL" duration-ms="923" started-at="2022-06-03T00:28:00Z" description="TC873" finished-at="2022-06-03T00:28:01Z">
          <reporter-output>
          </reporter-output>
        </test-method> <!-- testAppleURL -->
        <test-method status="PASS" signature="teardown()[pri:0, instance:scripts._01_AppleTest@3567135c]" name="teardown" is-config="true" duration-ms="4262" started-at="2022-06-03T00:28:01Z" finished-at="2022-06-03T00:28:05Z">
          <reporter-output>
          </reporter-output>
        </test-method> <!-- teardown -->
      </class> <!-- scripts._01_AppleTest -->
      <class name="scripts._04_GoogleSearchTest">
        <test-method status="PASS" signature="setup()[pri:0, instance:scripts._04_GoogleSearchTest@90f6bfd]" name="setup" is-config="true" duration-ms="1378" started-at="2022-06-03T00:27:10Z" finished-at="2022-06-03T00:27:11Z">
          <reporter-output>
          </reporter-output>
        </test-method> <!-- setup -->
        <test-method status="PASS" signature="testGoogleSearch()[pri:1, instance:scripts._04_GoogleSearchTest@90f6bfd]" name="testGoogleSearch" duration-ms="3279" started-at="2022-06-03T00:27:11Z" description="TC765: Validate Google search" finished-at="2022-06-03T00:27:15Z">
          <reporter-output>
          </reporter-output>
        </test-method> <!-- testGoogleSearch -->
        <test-method status="PASS" signature="teardown()[pri:0, instance:scripts._04_GoogleSearchTest@90f6bfd]" name="teardown" is-config="true" duration-ms="4245" started-at="2022-06-03T00:27:15Z" finished-at="2022-06-03T00:27:19Z">
          <reporter-output>
          </reporter-output>
        </test-method> <!-- teardown -->
      </class> <!-- scripts._04_GoogleSearchTest -->
      <class name="scripts._05_CheckBoxTest">
        <test-method status="PASS" signature="setup()[pri:0, instance:scripts._05_CheckBoxTest@47f6473]" name="setup" is-config="true" duration-ms="1381" started-at="2022-06-03T00:27:19Z" finished-at="2022-06-03T00:27:20Z">
          <reporter-output>
          </reporter-output>
        </test-method> <!-- setup -->
        <test-method status="PASS" signature="testCheckBoxInHeroApp()[pri:1, instance:scripts._05_CheckBoxTest@47f6473]" name="testCheckBoxInHeroApp" duration-ms="9236" started-at="2022-06-03T00:27:20Z" description="TC001: Validate checkbox in hero app" finished-at="2022-06-03T00:27:29Z">
          <reporter-output>
          </reporter-output>
        </test-method> <!-- testCheckBoxInHeroApp -->
        <test-method status="PASS" signature="teardown()[pri:0, instance:scripts._05_CheckBoxTest@47f6473]" name="teardown" is-config="true" duration-ms="3805" started-at="2022-06-03T00:27:29Z" finished-at="2022-06-03T00:27:33Z">
          <reporter-output>
          </reporter-output>
        </test-method> <!-- teardown -->
      </class> <!-- scripts._05_CheckBoxTest -->
    </test> <!-- Command line test -->
  </suite> <!-- Command line suite -->
</testng-results>
